<?xml version="1.0" encoding="UTF-8"?>
<testsuite name="UITest" tests="5" skipped="0" failures="0" errors="0" timestamp="2017-08-03T02:17:10" hostname="SamRussak" time="2.699">
  <properties/>
  <testcase name="testPlayerMovement" classname="UITest" time="0.028"/>
  <testcase name="testPlayerPosition" classname="UITest" time="0.0"/>
  <testcase name="testPropertyRent" classname="UITest" time="0.483"/>
  <testcase name="testPropertyPurchase" classname="UITest" time="0.133"/>
  <testcase name="testVisitingExistingRepo" classname="UITest" time="2.053"/>
  <system-out><![CDATA[]]></system-out>
  <system-err><![CDATA[]]></system-err>
</testsuite>
